::1 - - [25/May/2022:11:59:40 +0000] "GET / HHTP/1.1" 302 - -
::1 - - [25/May/2022:11:59:40 +0000] "GET /view/login HHTP/1.1" 200 - -
::1 - - [25/May/2022:11:59:41 +0000] "GET /favicon.ico HHTP/1.1" 302 - -
::1 - - [25/May/2022:11:59:41 +0000] "GET /view/login HHTP/1.1" 304 - -
::1 - - [25/May/2022:11:59:47 +0000] "POST /login HHTP/1.1" 302 - -
::1 - - [25/May/2022:11:59:47 +0000] "GET /view/usergames HHTP/1.1" 304 - -
::1 - - [25/May/2022:11:59:47 +0000] "GET /uploads/images/ HHTP/1.1" 302 - -
::1 - - [25/May/2022:11:59:47 +0000] "GET /uploads/video/ HHTP/1.1" 302 - -
::1 - - [25/May/2022:11:59:47 +0000] "GET /view/login HHTP/1.1" 302 - -
::1 - - [25/May/2022:11:59:47 +0000] "GET /view/usergames HHTP/1.1" 304 - -
::1 - - [25/May/2022:11:59:47 +0000] "GET /view/login HHTP/1.1" 302 - -
::1 - - [25/May/2022:11:59:47 +0000] "GET /view/usergames HHTP/1.1" 304 - -
::1 - - [25/May/2022:11:59:47 +0000] "GET /uploads/video/ HHTP/1.1" 302 - -
::1 - - [25/May/2022:11:59:48 +0000] "GET /view/login HHTP/1.1" 302 - -
::1 - - [25/May/2022:11:59:48 +0000] "GET /favicon.ico HHTP/1.1" 302 - -
::1 - - [25/May/2022:11:59:48 +0000] "GET /view/usergames HHTP/1.1" 304 - -
::1 - - [25/May/2022:11:59:48 +0000] "GET /view/login HHTP/1.1" 302 - -
::1 - - [25/May/2022:11:59:48 +0000] "GET /uploads/video/ HHTP/1.1" 302 - -
::1 - - [25/May/2022:11:59:48 +0000] "GET /view/usergames HHTP/1.1" 304 - -
::1 - - [25/May/2022:11:59:48 +0000] "GET /view/login HHTP/1.1" 302 - -
::1 - - [25/May/2022:11:59:48 +0000] "GET /view/usergames HHTP/1.1" 304 - -
::1 - - [25/May/2022:12:04:34 +0000] "GET /api/get-user-gamebyid/50 HHTP/1.1" 403 - -
::1 - - [25/May/2022:12:06:44 +0000] "GET /api/get-user-game HHTP/1.1" 403 - -
::1 - - [25/May/2022:12:07:27 +0000] "POST /api/login HHTP/1.1" 400 - -
::1 - - [25/May/2022:12:11:37 +0000] "GET /view/usergames HHTP/1.1" 302 - -
::1 - - [25/May/2022:12:11:37 +0000] "GET /view/login HHTP/1.1" 200 - -
::1 - - [25/May/2022:12:11:38 +0000] "GET /favicon.ico HHTP/1.1" 302 - -
::1 - - [25/May/2022:12:11:38 +0000] "GET /view/login HHTP/1.1" 304 - -
::1 - - [25/May/2022:12:11:44 +0000] "POST /login HHTP/1.1" 302 - -
::1 - - [25/May/2022:12:11:44 +0000] "GET /view/usergames HHTP/1.1" 200 - -
::1 - - [25/May/2022:12:11:44 +0000] "GET /uploads/images/ HHTP/1.1" 302 - -
::1 - - [25/May/2022:12:11:44 +0000] "GET /uploads/video/ HHTP/1.1" 302 - -
::1 - - [25/May/2022:12:11:44 +0000] "GET /uploads/video/ HHTP/1.1" 302 - -
::1 - - [25/May/2022:12:11:44 +0000] "GET /view/login HHTP/1.1" 302 - -
::1 - - [25/May/2022:12:11:45 +0000] "GET /view/login HHTP/1.1" 302 - -
::1 - - [25/May/2022:12:11:45 +0000] "GET /view/login HHTP/1.1" 302 - -
::1 - - [25/May/2022:12:11:45 +0000] "GET /view/usergames HHTP/1.1" 304 - -
::1 - - [25/May/2022:12:11:45 +0000] "GET /view/usergames HHTP/1.1" 304 - -
::1 - - [25/May/2022:12:11:45 +0000] "GET /uploads/video/ HHTP/1.1" 302 - -
::1 - - [25/May/2022:12:11:45 +0000] "GET /view/usergames HHTP/1.1" 304 - -
::1 - - [25/May/2022:12:11:45 +0000] "GET /uploads/video/ HHTP/1.1" 302 - -
::1 - - [25/May/2022:12:11:45 +0000] "GET /view/login HHTP/1.1" 302 - -
::1 - - [25/May/2022:12:11:45 +0000] "GET /view/login HHTP/1.1" 302 - -
::1 - - [25/May/2022:12:11:46 +0000] "GET /view/usergames HHTP/1.1" 304 - -
::1 - - [25/May/2022:12:11:46 +0000] "GET /view/usergames HHTP/1.1" 304 - -
::1 - - [25/May/2022:12:11:46 +0000] "GET /uploads/video/ HHTP/1.1" 302 - -
::1 - - [25/May/2022:12:11:46 +0000] "GET /view/login HHTP/1.1" 302 - -
::1 - - [25/May/2022:12:11:46 +0000] "GET /uploads/video/ HHTP/1.1" 302 - -
::1 - - [25/May/2022:12:11:46 +0000] "GET /view/login HHTP/1.1" 302 - -
::1 - - [25/May/2022:12:11:46 +0000] "GET /view/usergames HHTP/1.1" 304 - -
::1 - - [25/May/2022:12:11:46 +0000] "GET /view/usergames HHTP/1.1" 304 - -
::1 - - [25/May/2022:12:11:46 +0000] "GET /favicon.ico HHTP/1.1" 302 - -
::1 - - [25/May/2022:12:11:46 +0000] "GET /view/login HHTP/1.1" 302 - -
::1 - - [25/May/2022:12:11:46 +0000] "GET /view/usergames HHTP/1.1" 304 - -
::1 - - [25/May/2022:12:17:46 +0000] "GET /view/usergames HHTP/1.1" 302 - -
::1 - - [25/May/2022:12:17:46 +0000] "GET /view/login HHTP/1.1" 200 - -
::1 - - [25/May/2022:12:17:46 +0000] "GET /favicon.ico HHTP/1.1" 302 - -
::1 - - [25/May/2022:12:17:46 +0000] "GET /view/login HHTP/1.1" 304 - -
::1 - - [25/May/2022:12:17:55 +0000] "POST /login HHTP/1.1" - - -
::1 - - [25/May/2022:12:17:56 +0000] "POST /login HHTP/1.1" 302 - -
::1 - - [25/May/2022:12:17:56 +0000] "GET /view/usergames HHTP/1.1" 200 - -
::1 - - [25/May/2022:12:17:56 +0000] "GET /uploads/video/ HHTP/1.1" 302 - -
::1 - - [25/May/2022:12:17:56 +0000] "GET /uploads/images/ HHTP/1.1" 302 - -
::1 - - [25/May/2022:12:17:56 +0000] "GET /view/login HHTP/1.1" 302 - -
::1 - - [25/May/2022:12:17:56 +0000] "GET /uploads/video/ HHTP/1.1" 302 - -
::1 - - [25/May/2022:12:17:56 +0000] "GET /view/login HHTP/1.1" 302 - -
::1 - - [25/May/2022:12:17:56 +0000] "GET /view/usergames HHTP/1.1" 304 - -
::1 - - [25/May/2022:12:17:56 +0000] "GET /view/login HHTP/1.1" 302 - -
::1 - - [25/May/2022:12:17:56 +0000] "GET /view/usergames HHTP/1.1" 304 - -
::1 - - [25/May/2022:12:17:56 +0000] "GET /view/usergames HHTP/1.1" 304 - -
::1 - - [25/May/2022:12:17:56 +0000] "GET /uploads/video/ HHTP/1.1" 302 - -
::1 - - [25/May/2022:12:17:57 +0000] "GET /view/login HHTP/1.1" 302 - -
::1 - - [25/May/2022:12:17:57 +0000] "GET /uploads/video/ HHTP/1.1" 302 - -
::1 - - [25/May/2022:12:17:57 +0000] "GET /view/login HHTP/1.1" 302 - -
::1 - - [25/May/2022:12:17:57 +0000] "GET /view/usergames HHTP/1.1" 304 - -
::1 - - [25/May/2022:12:17:57 +0000] "GET /view/usergames HHTP/1.1" 304 - -
::1 - - [25/May/2022:12:17:57 +0000] "GET /uploads/video/ HHTP/1.1" 302 - -
::1 - - [25/May/2022:12:17:57 +0000] "GET /view/login HHTP/1.1" 302 - -
::1 - - [25/May/2022:12:17:57 +0000] "GET /uploads/video/ HHTP/1.1" 302 - -
::1 - - [25/May/2022:12:17:57 +0000] "GET /view/login HHTP/1.1" 302 - -
::1 - - [25/May/2022:12:17:57 +0000] "GET /view/usergames HHTP/1.1" 304 - -
::1 - - [25/May/2022:12:17:57 +0000] "GET /view/usergames HHTP/1.1" 304 - -
::1 - - [25/May/2022:12:17:57 +0000] "GET /favicon.ico HHTP/1.1" 302 - -
::1 - - [25/May/2022:12:17:57 +0000] "GET /view/login HHTP/1.1" 302 - -
::1 - - [25/May/2022:12:17:57 +0000] "GET /view/usergames HHTP/1.1" 304 - -
::1 - - [26/May/2022:03:28:22 +0000] "GET /api/get-user-gamebyid/100 HTTP/1.1" 403 38 -
::1 - - [26/May/2022:03:47:14 +0000] "GET /api/get-user-gamebyid/100 HTTP/1.1" 403 38 -
::1 - - [26/May/2022:03:48:01 +0000] "POST /api/login HTTP/1.1" 200 399 "{\"id_user\":1,\"username\":\"kelvin\",\"password\":\"$2b$10$sKPp3gzwo/gvi7mXKaIh0.qS6CSxBFXiUVtFcMN8d85mzTm8UaEp6\",\"token\":\"eyJhbGciOiJIUzI1NiIsInR5cCI6IkpXVCJ9.eyJpZF91c2VyIjoxLCJ1c2VybmFtZSI6ImtlbHZpbiIsImlhdCI6MTY1MzUzNjg4MSwiZXhwIjoxNjUzNTM3NzgxfQ.SUGuzsJuyLOsxfSbeNG0hlPEEeHrHWCBl2OvA0cKaE0\",\"foto_profil\":null,\"video\":null,\"createdAt\":\"2022-05-25T09:05:49.052Z\",\"updatedAt\":\"2022-05-25T09:05:49.052Z\"}"
::1 - - [26/May/2022:03:48:23 +0000] "GET /api/get-user-gamebyid/100 HTTP/1.1" 404 68 "{\"message\":\"User Game dengan ID 100 Tidak di temukan\",\"result\":null}"
::1 - - [26/May/2022:03:51:05 +0000] "GET /api/get-user-gamebyid/100 HTTP/1.1" 403 38 -
::1 - - [27/May/2022:12:43:04 +0000] "GET /view/login HTTP/1.1" 304 - -
::1 - - [27/May/2022:12:43:05 +0000] "GET /favicon.ico HTTP/1.1" 302 33 -
::1 - - [27/May/2022:12:43:05 +0000] "GET /view/login HTTP/1.1" 304 - -
::1 - - [27/May/2022:12:43:22 +0000] "POST /login HTTP/1.1" 302 74 -
::1 - - [27/May/2022:12:43:22 +0000] "GET /view/usergames HTTP/1.1" 200 7800 -
::1 - - [27/May/2022:12:43:22 +0000] "GET /uploads/images/ HTTP/1.1" 302 33 -
::1 - - [27/May/2022:12:43:22 +0000] "GET /uploads/video/ HTTP/1.1" 302 33 -
::1 - - [27/May/2022:12:43:22 +0000] "GET /uploads/video/ HTTP/1.1" 302 33 -
::1 - - [27/May/2022:12:43:22 +0000] "GET /uploads/video/ HTTP/1.1" 302 33 -
::1 - - [27/May/2022:12:43:23 +0000] "GET /uploads/video/ HTTP/1.1" 302 33 -
::1 - - [27/May/2022:12:43:23 +0000] "GET /view/login HTTP/1.1" 302 37 -
::1 - - [27/May/2022:12:43:24 +0000] "GET /view/login HTTP/1.1" 302 37 -
::1 - - [27/May/2022:12:43:25 +0000] "GET /view/login HTTP/1.1" 302 37 -
::1 - - [27/May/2022:12:43:25 +0000] "GET /view/usergames HTTP/1.1" 304 - -
::1 - - [27/May/2022:12:43:25 +0000] "GET /view/usergames HTTP/1.1" 304 - -
::1 - - [27/May/2022:12:43:25 +0000] "GET /view/login HTTP/1.1" 302 37 -
::1 - - [27/May/2022:12:43:25 +0000] "GET /view/login HTTP/1.1" 302 37 -
::1 - - [27/May/2022:12:43:26 +0000] "GET /view/usergames HTTP/1.1" 304 - -
::1 - - [27/May/2022:12:43:26 +0000] "GET /favicon.ico HTTP/1.1" 302 33 -
::1 - - [27/May/2022:12:43:26 +0000] "GET /uploads/video/ HTTP/1.1" 302 33 -
::1 - - [27/May/2022:12:43:26 +0000] "GET /view/usergames HTTP/1.1" 304 - -
::1 - - [27/May/2022:12:43:26 +0000] "GET /view/login HTTP/1.1" 302 37 -
::1 - - [27/May/2022:12:43:26 +0000] "GET /uploads/video/ HTTP/1.1" 302 33 -
::1 - - [27/May/2022:12:43:26 +0000] "GET /view/usergames HTTP/1.1" 304 - -
::1 - - [27/May/2022:12:43:27 +0000] "GET /view/login HTTP/1.1" 302 37 -
::1 - - [27/May/2022:12:43:27 +0000] "GET /view/login HTTP/1.1" 302 37 -
::1 - - [27/May/2022:12:43:27 +0000] "GET /uploads/video/ HTTP/1.1" 302 33 -
::1 - - [27/May/2022:12:43:27 +0000] "GET /view/usergames HTTP/1.1" 304 - -
::1 - - [27/May/2022:12:43:27 +0000] "GET /view/login HTTP/1.1" 302 37 -
::1 - - [27/May/2022:12:43:27 +0000] "GET /uploads/video/ HTTP/1.1" 302 33 -
::1 - - [27/May/2022:12:43:27 +0000] "GET /view/usergames HTTP/1.1" 304 - -
::1 - - [27/May/2022:12:43:27 +0000] "GET /view/login HTTP/1.1" 302 37 -
::1 - - [27/May/2022:12:43:27 +0000] "GET /view/usergames HTTP/1.1" 304 - -
::1 - - [27/May/2022:12:43:27 +0000] "GET /uploads/video/ HTTP/1.1" 302 33 -
::1 - - [27/May/2022:12:43:27 +0000] "GET /view/usergames HTTP/1.1" 304 - -
::1 - - [27/May/2022:12:43:27 +0000] "GET /view/login HTTP/1.1" 302 37 -
::1 - - [27/May/2022:12:43:27 +0000] "GET /view/usergames HTTP/1.1" 304 - -
::1 - - [27/May/2022:12:43:27 +0000] "GET /uploads/video/ HTTP/1.1" 302 33 -
::1 - - [27/May/2022:12:43:27 +0000] "GET /uploads/video/ HTTP/1.1" 302 33 -
::1 - - [27/May/2022:12:43:27 +0000] "GET /view/login HTTP/1.1" 302 37 -
::1 - - [27/May/2022:12:43:27 +0000] "GET /view/usergames HTTP/1.1" 304 - -
::1 - - [27/May/2022:12:43:27 +0000] "GET /uploads/video/ HTTP/1.1" 302 33 -
::1 - - [27/May/2022:12:43:27 +0000] "GET /view/usergames HTTP/1.1" 304 - -
::1 - - [27/May/2022:12:43:27 +0000] "GET /view/login HTTP/1.1" 302 37 -
::1 - - [27/May/2022:12:43:27 +0000] "GET /view/login HTTP/1.1" 302 37 -
::1 - - [27/May/2022:12:43:27 +0000] "GET /view/usergames HTTP/1.1" 304 - -
::1 - - [27/May/2022:12:43:27 +0000] "GET /view/usergames HTTP/1.1" 304 - -
::1 - - [27/May/2022:12:45:55 +0000] "GET /view/logout HTTP/1.1" 302 66 -
::1 - - [27/May/2022:12:45:55 +0000] "GET /view/login HTTP/1.1" 200 1597 -
::1 - - [27/May/2022:12:45:55 +0000] "GET /favicon.ico HTTP/1.1" 302 33 -
::1 - - [27/May/2022:12:45:55 +0000] "GET /view/login HTTP/1.1" 304 - -
::1 - - [07/Jun/2022:09:21:47 +0000] "GET / HTTP/1.1" 302 66 -
::1 - - [07/Jun/2022:09:21:47 +0000] "GET /view/login HTTP/1.1" 304 - -
::1 - - [07/Jun/2022:09:21:48 +0000] "GET /favicon.ico HTTP/1.1" 302 33 -
::1 - - [07/Jun/2022:09:21:48 +0000] "GET /view/login HTTP/1.1" 304 - -
::1 - - [07/Jun/2022:09:22:15 +0000] "POST /login HTTP/1.1" 302 66 -
::1 - - [07/Jun/2022:09:22:15 +0000] "GET /view/login HTTP/1.1" 304 - -
::1 - - [07/Jun/2022:09:22:15 +0000] "GET /favicon.ico HTTP/1.1" 302 33 -
::1 - - [07/Jun/2022:09:22:15 +0000] "GET /view/login HTTP/1.1" 304 - -
::1 - - [07/Jun/2022:09:22:33 +0000] "GET /view/register HTTP/1.1" 200 1508 -
::1 - - [07/Jun/2022:09:22:35 +0000] "GET /favicon.ico HTTP/1.1" 302 33 -
::1 - - [07/Jun/2022:09:22:35 +0000] "GET /view/login HTTP/1.1" 304 - -
::1 - - [07/Jun/2022:09:22:45 +0000] "POST /register HTTP/1.1" 302 72 -
::1 - - [07/Jun/2022:09:22:45 +0000] "GET /view/register HTTP/1.1" 304 - -
::1 - - [07/Jun/2022:09:22:45 +0000] "GET /favicon.ico HTTP/1.1" 302 33 -
::1 - - [07/Jun/2022:09:22:45 +0000] "GET /view/login HTTP/1.1" 304 - -
::1 - - [07/Jun/2022:09:37:10 +0000] "POST /register HTTP/1.1" 302 72 -
::1 - - [07/Jun/2022:09:37:10 +0000] "GET /view/register HTTP/1.1" 304 - -
::1 - - [07/Jun/2022:09:37:10 +0000] "GET /favicon.ico HTTP/1.1" 302 33 -
::1 - - [07/Jun/2022:09:37:10 +0000] "GET /view/login HTTP/1.1" 304 - -
::1 - - [07/Jun/2022:09:40:36 +0000] "GET /favicon.ico HTTP/1.1" 302 33 -
::1 - - [07/Jun/2022:09:40:36 +0000] "GET /view/login HTTP/1.1" 304 - -
::1 - - [07/Jun/2022:09:40:40 +0000] "GET /view/login HTTP/1.1" 304 - -
::1 - - [07/Jun/2022:09:40:40 +0000] "GET /favicon.ico HTTP/1.1" 302 33 -
::1 - - [07/Jun/2022:09:40:40 +0000] "GET /view/login HTTP/1.1" 304 - -
::1 - - [07/Jun/2022:09:40:45 +0000] "POST /login HTTP/1.1" 302 66 -
::1 - - [07/Jun/2022:09:40:45 +0000] "GET /view/login HTTP/1.1" 304 - -
::1 - - [07/Jun/2022:09:40:45 +0000] "GET /favicon.ico HTTP/1.1" 302 33 -
::1 - - [07/Jun/2022:09:40:45 +0000] "GET /view/login HTTP/1.1" 304 - -
::1 - - [07/Jun/2022:09:42:52 +0000] "GET /view/login HTTP/1.1" 304 - -
::1 - - [07/Jun/2022:09:42:52 +0000] "GET /favicon.ico HTTP/1.1" 302 33 -
::1 - - [07/Jun/2022:09:42:52 +0000] "GET /view/login HTTP/1.1" 304 - -
::1 - - [07/Jun/2022:09:42:55 +0000] "GET /view/login HTTP/1.1" 304 - -
::1 - - [07/Jun/2022:09:42:55 +0000] "GET /favicon.ico HTTP/1.1" 302 33 -
::1 - - [07/Jun/2022:09:42:55 +0000] "GET /view/login HTTP/1.1" 304 - -
::1 - - [07/Jun/2022:09:42:57 +0000] "GET /view/login HTTP/1.1" 304 - -
::1 - - [07/Jun/2022:09:42:57 +0000] "GET /favicon.ico HTTP/1.1" 302 33 -
::1 - - [07/Jun/2022:09:42:57 +0000] "GET /view/login HTTP/1.1" 304 - -
::1 - - [07/Jun/2022:09:43:01 +0000] "POST /login HTTP/1.1" 302 66 -
::1 - - [07/Jun/2022:09:43:01 +0000] "GET /view/login HTTP/1.1" 304 - -
::1 - - [07/Jun/2022:09:43:02 +0000] "GET /favicon.ico HTTP/1.1" 302 33 -
::1 - - [07/Jun/2022:09:43:02 +0000] "GET /view/login HTTP/1.1" 304 - -
::1 - - [07/Jun/2022:09:44:00 +0000] "GET /view/login HTTP/1.1" 304 - -
::1 - - [07/Jun/2022:09:44:00 +0000] "GET /favicon.ico HTTP/1.1" 302 33 -
::1 - - [07/Jun/2022:09:44:00 +0000] "GET /view/login HTTP/1.1" 304 - -
::1 - - [07/Jun/2022:09:44:05 +0000] "POST /login HTTP/1.1" 302 66 -
::1 - - [07/Jun/2022:09:44:05 +0000] "GET /view/login HTTP/1.1" 304 - -
::1 - - [07/Jun/2022:09:44:05 +0000] "GET /favicon.ico HTTP/1.1" 302 33 -
::1 - - [07/Jun/2022:09:44:05 +0000] "GET /view/login HTTP/1.1" 304 - -
::1 - - [07/Jun/2022:09:46:17 +0000] "GET /view/login HTTP/1.1" 304 - -
::1 - - [07/Jun/2022:09:46:17 +0000] "GET /favicon.ico HTTP/1.1" 302 33 -
::1 - - [07/Jun/2022:09:46:17 +0000] "GET /view/login HTTP/1.1" 304 - -
::1 - - [07/Jun/2022:09:46:22 +0000] "POST /login HTTP/1.1" 302 66 -
::1 - - [07/Jun/2022:09:46:22 +0000] "GET /view/login HTTP/1.1" 304 - -
::1 - - [07/Jun/2022:09:46:23 +0000] "GET /favicon.ico HTTP/1.1" 302 33 -
::1 - - [07/Jun/2022:09:46:23 +0000] "GET /view/login HTTP/1.1" 304 - -
::1 - - [07/Jun/2022:09:46:30 +0000] "GET /view/register HTTP/1.1" 304 - -
::1 - - [07/Jun/2022:09:46:30 +0000] "GET /favicon.ico HTTP/1.1" 302 33 -
::1 - - [07/Jun/2022:09:46:30 +0000] "GET /view/login HTTP/1.1" 304 - -
::1 - - [07/Jun/2022:09:46:35 +0000] "POST /register HTTP/1.1" 302 72 -
::1 - - [07/Jun/2022:09:46:35 +0000] "GET /view/register HTTP/1.1" 304 - -
::1 - - [07/Jun/2022:09:46:36 +0000] "GET /favicon.ico HTTP/1.1" 302 33 -
::1 - - [07/Jun/2022:09:46:36 +0000] "GET /view/login HTTP/1.1" 304 - -
